<?xml version="1.0" encoding="utf-8"?><testsuites name="pytest tests"><testsuite name="pytest" errors="0" failures="0" skipped="0" tests="39" time="37.534" timestamp="2026-05-26T00:24:02.448032+00:00" hostname="agent-env-95615705-a361-4f84-bed5-d39319a5119f"><testcase classname="backend.tests.test_ace_backend.TestHealth" name="test_root" time="0.279" /><testcase classname="backend.tests.test_ace_backend.TestAuth" name="test_login_success" time="0.357" /><testcase classname="backend.tests.test_ace_backend.TestAuth" name="test_login_wrong_password" time="0.403" /><testcase classname="backend.tests.test_ace_backend.TestAuth" name="test_login_unknown_email" time="0.157" /><testcase classname="backend.tests.test_ace_backend.TestAuth" name="test_me_with_token" time="0.489" /><testcase classname="backend.tests.test_ace_backend.TestAuth" name="test_me_without_token" time="0.122" /><testcase classname="backend.tests.test_ace_backend.TestAuth" name="test_me_invalid_token" time="0.116" /><testcase classname="backend.tests.test_ace_backend.TestAuth" name="test_register_requires_admin" time="0.867" /><testcase classname="backend.tests.test_ace_backend.TestAuth" name="test_register_without_token" time="0.110" /><testcase classname="backend.tests.test_ace_backend.TestAuth" name="test_register_invalid_role" time="0.113" /><testcase classname="backend.tests.test_ace_backend.TestStats" name="test_stats_overview" time="0.105" /><testcase classname="backend.tests.test_ace_backend.TestStats" name="test_stats_overview_unauth" time="0.151" /><testcase classname="backend.tests.test_ace_backend.TestModuleCRUD" name="test_list_seeded[drivers]" time="0.138" /><testcase classname="backend.tests.test_ace_backend.TestModuleCRUD" name="test_list_seeded[licences]" time="0.111" /><testcase classname="backend.tests.test_ace_backend.TestModuleCRUD" name="test_list_seeded[truck-rego]" time="0.116" /><testcase classname="backend.tests.test_ace_backend.TestModuleCRUD" name="test_list_seeded[insurance]" time="0.117" /><testcase classname="backend.tests.test_ace_backend.TestModuleCRUD" name="test_list_seeded[equipment]" time="0.114" /><testcase classname="backend.tests.test_ace_backend.TestModuleCRUD" name="test_list_seeded[maintenance]" time="0.103" /><testcase classname="backend.tests.test_ace_backend.TestModuleCRUD" name="test_list_seeded[tilt-trays]" time="0.121" /><testcase classname="backend.tests.test_ace_backend.TestModuleCRUD" name="test_list_seeded[onboarding]" time="0.108" /><testcase classname="backend.tests.test_ace_backend.TestModuleCRUD" name="test_create_get_delete[drivers]" time="0.463" /><testcase classname="backend.tests.test_ace_backend.TestModuleCRUD" name="test_create_get_delete[licences]" time="0.471" /><testcase classname="backend.tests.test_ace_backend.TestModuleCRUD" name="test_create_get_delete[truck-rego]" time="0.437" /><testcase classname="backend.tests.test_ace_backend.TestModuleCRUD" name="test_create_get_delete[insurance]" time="0.456" /><testcase classname="backend.tests.test_ace_backend.TestModuleCRUD" name="test_create_get_delete[equipment]" time="0.471" /><testcase classname="backend.tests.test_ace_backend.TestModuleCRUD" name="test_create_get_delete[maintenance]" time="0.456" /><testcase classname="backend.tests.test_ace_backend.TestModuleCRUD" name="test_create_get_delete[tilt-trays]" time="0.435" /><testcase classname="backend.tests.test_ace_backend.TestModuleCRUD" name="test_create_get_delete[onboarding]" time="0.484" /><testcase classname="backend.tests.test_ace_backend.TestModuleCRUD" name="test_unknown_slug" time="0.211" /><testcase classname="backend.tests.test_ace_backend.TestModuleCRUD" name="test_list_unauth" time="0.140" /><testcase classname="backend.tests.test_ace_backend.TestRoles" name="test_readonly_cannot_create" time="15.121" /><testcase classname="backend.tests.test_ace_backend.TestRoles" name="test_readonly_can_list" time="0.141" /><testcase classname="backend.tests.test_ace_backend.TestRoles" name="test_allocator_can_create_but_not_delete" time="12.282" /><testcase classname="backend.tests.test_ace_backend.TestRoles" name="test_manager_can_delete" time="0.919" /><testcase classname="backend.tests.test_ace_backend.TestComplianceExpiring" name="test_requires_auth" time="0.124" /><testcase classname="backend.tests.test_ace_backend.TestComplianceExpiring" name="test_shape_and_modules" time="0.104" /><testcase classname="backend.tests.test_ace_backend.TestComplianceExpiring" name="test_counts_against_seed" time="0.103" /><testcase classname="backend.tests.test_ace_backend.TestComplianceExpiring" name="test_records_sorted_expired_first_then_days" time="0.110" /><testcase classname="backend.tests.test_ace_backend.TestComplianceExpiring" name="test_horizon_query_param" time="0.141" /></testsuite></testsuites>