<?xml version="1.0" encoding="utf-8"?><testsuites name="pytest tests"><testsuite name="pytest" errors="0" failures="0" skipped="0" tests="34" time="12.024" timestamp="2026-05-26T00:07:40.504887+00:00" hostname="agent-env-95615705-a361-4f84-bed5-d39319a5119f"><testcase classname="backend.tests.test_ace_backend.TestHealth" name="test_root" time="0.243" /><testcase classname="backend.tests.test_ace_backend.TestAuth" name="test_login_success" time="0.405" /><testcase classname="backend.tests.test_ace_backend.TestAuth" name="test_login_wrong_password" time="0.385" /><testcase classname="backend.tests.test_ace_backend.TestAuth" name="test_login_unknown_email" time="0.152" /><testcase classname="backend.tests.test_ace_backend.TestAuth" name="test_me_with_token" time="0.505" /><testcase classname="backend.tests.test_ace_backend.TestAuth" name="test_me_without_token" time="0.138" /><testcase classname="backend.tests.test_ace_backend.TestAuth" name="test_me_invalid_token" time="0.116" /><testcase classname="backend.tests.test_ace_backend.TestAuth" name="test_register_requires_admin" time="0.801" /><testcase classname="backend.tests.test_ace_backend.TestAuth" name="test_register_without_token" time="0.104" /><testcase classname="backend.tests.test_ace_backend.TestAuth" name="test_register_invalid_role" time="1.148" /><testcase classname="backend.tests.test_ace_backend.TestStats" name="test_stats_overview" time="0.134" /><testcase classname="backend.tests.test_ace_backend.TestStats" name="test_stats_overview_unauth" time="0.119" /><testcase classname="backend.tests.test_ace_backend.TestModuleCRUD" name="test_list_seeded[drivers]" time="0.105" /><testcase classname="backend.tests.test_ace_backend.TestModuleCRUD" name="test_list_seeded[licences]" time="0.131" /><testcase classname="backend.tests.test_ace_backend.TestModuleCRUD" name="test_list_seeded[truck-rego]" time="0.121" /><testcase classname="backend.tests.test_ace_backend.TestModuleCRUD" name="test_list_seeded[insurance]" time="0.111" /><testcase classname="backend.tests.test_ace_backend.TestModuleCRUD" name="test_list_seeded[equipment]" time="0.134" /><testcase classname="backend.tests.test_ace_backend.TestModuleCRUD" name="test_list_seeded[maintenance]" time="0.113" /><testcase classname="backend.tests.test_ace_backend.TestModuleCRUD" name="test_list_seeded[tilt-trays]" time="0.114" /><testcase classname="backend.tests.test_ace_backend.TestModuleCRUD" name="test_list_seeded[onboarding]" time="0.129" /><testcase classname="backend.tests.test_ace_backend.TestModuleCRUD" name="test_create_get_delete[drivers]" time="0.501" /><testcase classname="backend.tests.test_ace_backend.TestModuleCRUD" name="test_create_get_delete[licences]" time="0.563" /><testcase classname="backend.tests.test_ace_backend.TestModuleCRUD" name="test_create_get_delete[truck-rego]" time="0.486" /><testcase classname="backend.tests.test_ace_backend.TestModuleCRUD" name="test_create_get_delete[insurance]" time="0.461" /><testcase classname="backend.tests.test_ace_backend.TestModuleCRUD" name="test_create_get_delete[equipment]" time="0.454" /><testcase classname="backend.tests.test_ace_backend.TestModuleCRUD" name="test_create_get_delete[maintenance]" time="0.502" /><testcase classname="backend.tests.test_ace_backend.TestModuleCRUD" name="test_create_get_delete[tilt-trays]" time="0.474" /><testcase classname="backend.tests.test_ace_backend.TestModuleCRUD" name="test_create_get_delete[onboarding]" time="0.550" /><testcase classname="backend.tests.test_ace_backend.TestModuleCRUD" name="test_unknown_slug" time="0.224" /><testcase classname="backend.tests.test_ace_backend.TestModuleCRUD" name="test_list_unauth" time="0.104" /><testcase classname="backend.tests.test_ace_backend.TestRoles" name="test_readonly_cannot_create" time="0.118" /><testcase classname="backend.tests.test_ace_backend.TestRoles" name="test_readonly_can_list" time="0.106" /><testcase classname="backend.tests.test_ace_backend.TestRoles" name="test_allocator_can_create_but_not_delete" time="1.030" /><testcase classname="backend.tests.test_ace_backend.TestRoles" name="test_manager_can_delete" time="0.979" /></testsuite></testsuites>